Build started 2013.01.05. 18:25:49.
     1>Project "G:\Peti\research\Boonen13\Boonen13.vcxproj" on node 2 (build target(s)).
     1>InitializeBuildStatus:
         Creating "Debug\Boonen13.unsuccessfulbuild" because "AlwaysCreate" was specified.
       ClCompile:
         C:\Program Files\Microsoft Visual Studio 10.0\VC\bin\CL.exe /c /ZI /nologo /W3 /WX- /Od /Oy- /D WIN32 /D _DEBUG /D _CONSOLE /D _UNICODE /D UNICODE /Gm /EHsc /RTC1 /MDd /GS /fp:precise /Zc:wchar_t /Zc:forScope /Fo"Debug\\" /Fd"Debug\vc100.pdb" /Gd /TP /analyze- /errorReport:prompt src\caller.cpp
         caller.cpp
       ManifestResourceCompile:
         All outputs are up-to-date.
       Link:
         C:\Program Files\Microsoft Visual Studio 10.0\VC\bin\link.exe /ERRORREPORT:PROMPT /OUT:"G:\Peti\Research\Boonen13\Debug\Boonen13.exe" /INCREMENTAL /NOLOGO kernel32.lib user32.lib gdi32.lib winspool.lib comdlg32.lib advapi32.lib shell32.lib ole32.lib oleaut32.lib uuid.lib odbc32.lib odbccp32.lib /MANIFEST /ManifestFile:"Debug\Boonen13.exe.intermediate.manifest" /MANIFESTUAC:"level='asInvoker' uiAccess='false'" /DEBUG /PDB:"G:\Peti\Research\Boonen13\Debug\Boonen13.pdb" /SUBSYSTEM:CONSOLE /TLBID:1 /DYNAMICBASE /NXCOMPAT /IMPLIB:"G:\Peti\Research\Boonen13\Debug\Boonen13.lib" /MACHINE:X86 Debug\Boonen13.exe.embed.manifest.res
         Debug\caller.obj
       Manifest:
         C:\Program Files\Microsoft SDKs\Windows\v7.0A\bin\mt.exe /nologo /verbose /out:"Debug\Boonen13.exe.embed.manifest" /manifest Debug\Boonen13.exe.intermediate.manifest
         All outputs are up-to-date.
       LinkEmbedManifest:
         All outputs are up-to-date.
         Boonen13.vcxproj -> G:\Peti\Research\Boonen13\Debug\Boonen13.exe
       FinalizeBuildStatus:
         Deleting file "Debug\Boonen13.unsuccessfulbuild".
         Touching "Debug\Boonen13.lastbuildstate".
     1>Done Building Project "G:\Peti\research\Boonen13\Boonen13.vcxproj" (build target(s)).

Build succeeded.

Time Elapsed 00:00:05.75
